This file contains any messages produced by compilers while
running configure, to aid debugging if configure makes a mistake.

It was created by yasm configure 1.1.0, which was
generated by GNU Autoconf 2.65.  Invocation command line was

  $ ./configure --prefix=/yasm

## --------- ##
## Platform. ##
## --------- ##

hostname = wangyongmatoMacBook-Pro.local
uname -m = x86_64
uname -r = 11.4.2
uname -s = Darwin
uname -v = Darwin Kernel Version 11.4.2: Wed May 30 20:13:51 PDT 2012; root:xnu-1699.31.2~1/RELEASE_X86_64

/usr/bin/uname -p = i386
/bin/uname -X     = unknown

/bin/arch              = unknown
/usr/bin/arch -k       = unknown
/usr/convex/getsysinfo = unknown
/usr/bin/hostinfo      = Mach kernel version:
	 Darwin Kernel Version 11.4.2: Wed May 30 20:13:51 PDT 2012; root:xnu-1699.31.2~1/RELEASE_X86_64
Kernel configured for up to 8 processors.
4 processors are physically available.
8 processors are logically available.
Processor type: i486 (Intel 80486)
Processors active: 0 1 2 3 4 5 6 7
Primary memory available: 8.00 gigabytes
Default processor set: 111 tasks, 544 threads, 8 processors
Load average: 1.34, Mach factor: 6.65
/bin/machine           = unknown
/usr/bin/oslevel       = unknown
/bin/universe          = unknown

PATH: /opt/local/bin
PATH: /opt/local/sbin
PATH: /opt/local/bin
PATH: /opt/local/sbin
PATH: /opt/local/bin
PATH: /opt/local/sbin
PATH: /usr/bin
PATH: /bin
PATH: /usr/sbin
PATH: /sbin
PATH: /usr/local/bin
PATH: /usr/X11/bin


## ----------- ##
## Core tests. ##
## ----------- ##

configure:2485: checking for a BSD-compatible install
configure:2553: result: /usr/bin/install -c
configure:2564: checking whether build environment is sane
configure:2614: result: yes
configure:2755: checking for a thread-safe mkdir -p
configure:2794: result: config/install-sh -c -d
configure:2807: checking for gawk
configure:2837: result: no
configure:2807: checking for mawk
configure:2837: result: no
configure:2807: checking for nawk
configure:2837: result: no
configure:2807: checking for awk
configure:2823: found /usr/bin/awk
configure:2834: result: awk
configure:2845: checking whether make sets $(MAKE)
configure:2867: result: yes
configure:2948: checking whether to enable maintainer-specific portions of Makefiles
configure:2957: result: no
configure:3060: checking for style of include used by make
configure:3088: result: GNU
configure:3158: checking for gcc
configure:3174: found /usr/bin/gcc
configure:3185: result: gcc
configure:3414: checking for C compiler version
configure:3423: gcc --version >&5
i686-apple-darwin11-llvm-gcc-4.2 (GCC) 4.2.1 (Based on Apple Inc. build 5658) (LLVM build 2336.9.00)
Copyright (C) 2007 Free Software Foundation, Inc.
This is free software; see the source for copying conditions.  There is NO
warranty; not even for MERCHANTABILITY or FITNESS FOR A PARTICULAR PURPOSE.

configure:3434: $? = 0
configure:3423: gcc -v >&5
Using built-in specs.
Target: i686-apple-darwin11
Configured with: /private/var/tmp/llvmgcc42/llvmgcc42-2336.9~22/src/configure --disable-checking --enable-werror --prefix=/Applications/Xcode.app/Contents/Developer/usr/llvm-gcc-4.2 --mandir=/share/man --enable-languages=c,objc,c++,obj-c++ --program-prefix=llvm- --program-transform-name=/^[cg][^.-]*$/s/$/-4.2/ --with-slibdir=/usr/lib --build=i686-apple-darwin11 --enable-llvm=/private/var/tmp/llvmgcc42/llvmgcc42-2336.9~22/dst-llvmCore/Developer/usr/local --program-prefix=i686-apple-darwin11- --host=x86_64-apple-darwin11 --target=i686-apple-darwin11 --with-gxx-include-dir=/usr/include/c++/4.2.1
Thread model: posix
gcc version 4.2.1 (Based on Apple Inc. build 5658) (LLVM build 2336.9.00)
configure:3434: $? = 0
configure:3423: gcc -V >&5
llvm-gcc-4.2: argument to `-V' is missing
configure:3434: $? = 1
configure:3423: gcc -qversion >&5
i686-apple-darwin11-llvm-gcc-4.2: no input files
configure:3434: $? = 1
configure:3454: checking whether the C compiler works
configure:3476: gcc    conftest.c  >&5
configure:3480: $? = 0
configure:3529: result: yes
configure:3532: checking for C compiler default output file name
configure:3534: result: a.out
configure:3540: checking for suffix of executables
configure:3547: gcc -o conftest    conftest.c  >&5
configure:3551: $? = 0
configure:3573: result: 
configure:3595: checking whether we are cross compiling
configure:3603: gcc -o conftest    conftest.c  >&5
configure:3607: $? = 0
configure:3614: ./conftest
configure:3618: $? = 0
configure:3633: result: no
configure:3638: checking for suffix of object files
configure:3660: gcc -c   conftest.c >&5
configure:3664: $? = 0
configure:3685: result: o
configure:3689: checking whether we are using the GNU C compiler
configure:3708: gcc -c   conftest.c >&5
configure:3708: $? = 0
configure:3717: result: yes
configure:3726: checking whether gcc accepts -g
configure:3746: gcc -c -g  conftest.c >&5
configure:3746: $? = 0
configure:3787: result: yes
configure:3804: checking for gcc option to accept ISO C89
configure:3868: gcc  -c -g -O2  conftest.c >&5
configure:3868: $? = 0
configure:3881: result: none needed
configure:3903: checking dependency style of gcc
configure:4013: result: gcc3
configure:4033: checking how to run the C preprocessor
configure:4064: gcc -E  conftest.c
configure:4064: $? = 0
configure:4078: gcc -E  conftest.c
conftest.c:13:28: error: ac_nonexistent.h: No such file or directory
configure:4078: $? = 1
configure: failed program was:
| /* confdefs.h */
| #define PACKAGE_NAME "yasm"
| #define PACKAGE_TARNAME "yasm"
| #define PACKAGE_VERSION "1.1.0"
| #define PACKAGE_STRING "yasm 1.1.0"
| #define PACKAGE_BUGREPORT "bug-yasm@tortall.net"
| #define PACKAGE_URL ""
| #define PACKAGE "yasm"
| #define VERSION "1.1.0"
| #define PACKAGE_INTVER "1.1.0"
| #define PACKAGE_BUILD "2352"
| /* end confdefs.h.  */
| #include <ac_nonexistent.h>
configure:4103: result: gcc -E
configure:4123: gcc -E  conftest.c
configure:4123: $? = 0
configure:4137: gcc -E  conftest.c
conftest.c:13:28: error: ac_nonexistent.h: No such file or directory
configure:4137: $? = 1
configure: failed program was:
| /* confdefs.h */
| #define PACKAGE_NAME "yasm"
| #define PACKAGE_TARNAME "yasm"
| #define PACKAGE_VERSION "1.1.0"
| #define PACKAGE_STRING "yasm 1.1.0"
| #define PACKAGE_BUGREPORT "bug-yasm@tortall.net"
| #define PACKAGE_URL ""
| #define PACKAGE "yasm"
| #define VERSION "1.1.0"
| #define PACKAGE_INTVER "1.1.0"
| #define PACKAGE_BUILD "2352"
| /* end confdefs.h.  */
| #include <ac_nonexistent.h>
configure:4169: checking for gcc option to accept ISO C99
configure:4318: gcc  -c -g -O2  conftest.c >&5
conftest.c:63: error: expected ';', ',' or ')' before 'text'
conftest.c: In function 'main':
conftest.c:117: error: nested functions are disabled, use -fnested-functions to re-enable
conftest.c:117: error: expected '=', ',', ';', 'asm' or '__attribute__' before 'newvar'
conftest.c:117: error: 'newvar' undeclared (first use in this function)
conftest.c:117: error: (Each undeclared identifier is reported only once
conftest.c:117: error: for each function it appears in.)
conftest.c:127: error: 'for' loop initial declaration used outside C99 mode
configure:4318: $? = 1
configure: failed program was:
| /* confdefs.h */
| #define PACKAGE_NAME "yasm"
| #define PACKAGE_TARNAME "yasm"
| #define PACKAGE_VERSION "1.1.0"
| #define PACKAGE_STRING "yasm 1.1.0"
| #define PACKAGE_BUGREPORT "bug-yasm@tortall.net"
| #define PACKAGE_URL ""
| #define PACKAGE "yasm"
| #define VERSION "1.1.0"
| #define PACKAGE_INTVER "1.1.0"
| #define PACKAGE_BUILD "2352"
| /* end confdefs.h.  */
| #include <stdarg.h>
| #include <stdbool.h>
| #include <stdlib.h>
| #include <wchar.h>
| #include <stdio.h>
| 
| // Check varargs macros.  These examples are taken from C99 6.10.3.5.
| #define debug(...) fprintf (stderr, __VA_ARGS__)
| #define showlist(...) puts (#__VA_ARGS__)
| #define report(test,...) ((test) ? puts (#test) : printf (__VA_ARGS__))
| static void
| test_varargs_macros (void)
| {
|   int x = 1234;
|   int y = 5678;
|   debug ("Flag");
|   debug ("X = %d\n", x);
|   showlist (The first, second, and third items.);
|   report (x>y, "x is %d but y is %d", x, y);
| }
| 
| // Check long long types.
| #define BIG64 18446744073709551615ull
| #define BIG32 4294967295ul
| #define BIG_OK (BIG64 / BIG32 == 4294967297ull && BIG64 % BIG32 == 0)
| #if !BIG_OK
|   your preprocessor is broken;
| #endif
| #if BIG_OK
| #else
|   your preprocessor is broken;
| #endif
| static long long int bignum = -9223372036854775807LL;
| static unsigned long long int ubignum = BIG64;
| 
| struct incomplete_array
| {
|   int datasize;
|   double data[];
| };
| 
| struct named_init {
|   int number;
|   const wchar_t *name;
|   double average;
| };
| 
| typedef const char *ccp;
| 
| static inline int
| test_restrict (ccp restrict text)
| {
|   // See if C++-style comments work.
|   // Iterate through items via the restricted pointer.
|   // Also check for declarations in for loops.
|   for (unsigned int i = 0; *(text+i) != '\0'; ++i)
|     continue;
|   return 0;
| }
| 
| // Check varargs and va_copy.
| static void
| test_varargs (const char *format, ...)
| {
|   va_list args;
|   va_start (args, format);
|   va_list args_copy;
|   va_copy (args_copy, args);
| 
|   const char *str;
|   int number;
|   float fnumber;
| 
|   while (*format)
|     {
|       switch (*format++)
| 	{
| 	case 's': // string
| 	  str = va_arg (args_copy, const char *);
| 	  break;
| 	case 'd': // int
| 	  number = va_arg (args_copy, int);
| 	  break;
| 	case 'f': // float
| 	  fnumber = va_arg (args_copy, double);
| 	  break;
| 	default:
| 	  break;
| 	}
|     }
|   va_end (args_copy);
|   va_end (args);
| }
| 
| int
| main ()
| {
| 
|   // Check bool.
|   _Bool success = false;
| 
|   // Check restrict.
|   if (test_restrict ("String literal") == 0)
|     success = true;
|   char *restrict newvar = "Another string";
| 
|   // Check varargs.
|   test_varargs ("s, d' f .", "string", 65, 34.234);
|   test_varargs_macros ();
| 
|   // Check flexible array members.
|   struct incomplete_array *ia =
|     malloc (sizeof (struct incomplete_array) + (sizeof (double) * 10));
|   ia->datasize = 10;
|   for (int i = 0; i < ia->datasize; ++i)
|     ia->data[i] = i * 1.234;
| 
|   // Check named initializers.
|   struct named_init ni = {
|     .number = 34,
|     .name = L"Test wide string",
|     .average = 543.34343,
|   };
| 
|   ni.number = 58;
| 
|   int dynamic_array[ni.number];
|   dynamic_array[ni.number - 1] = 543;
| 
|   // work around unused variable warnings
|   return (!success || bignum == 0LL || ubignum == 0uLL || newvar[0] == 'x'
| 	  || dynamic_array[ni.number - 1] != 543);
| 
|   ;
|   return 0;
| }
configure:4318: gcc -std=gnu99 -c -g -O2  conftest.c >&5
configure:4318: $? = 0
configure:4338: result: -std=gnu99
configure:4440: checking for gcc -std=gnu99 option to accept ISO Standard C
configure:4454: result: -std=gnu99
configure:4459: checking whether ln -s works
configure:4463: result: yes
configure:4520: checking for ar
configure:4536: found /usr/bin/ar
configure:4547: result: ar
configure:4614: checking for ranlib
configure:4630: found /usr/bin/ranlib
configure:4641: result: ranlib
configure:4674: checking for xmlto
configure:4704: result: no
configure:4714: WARNING: xmlto not found, manpages will not be rebuilt.
configure:4733: checking if malloc debugging is wanted
configure:4751: result: no
configure:4762: checking for grep that handles long lines and -e
configure:4820: result: /usr/bin/grep
configure:4825: checking for egrep
configure:4887: result: /usr/bin/grep -E
configure:4892: checking for ANSI C header files
configure:4912: gcc -std=gnu99 -c -g -O2  conftest.c >&5
configure:4912: $? = 0
configure:4985: gcc -std=gnu99 -o conftest -g -O2   conftest.c  >&5
configure:4985: $? = 0
configure:4985: ./conftest
configure:4985: $? = 0
configure:4996: result: yes
configure:5009: checking for sys/types.h
configure:5009: gcc -std=gnu99 -c -g -O2  conftest.c >&5
configure:5009: $? = 0
configure:5009: result: yes
configure:5009: checking for sys/stat.h
configure:5009: gcc -std=gnu99 -c -g -O2  conftest.c >&5
configure:5009: $? = 0
configure:5009: result: yes
configure:5009: checking for stdlib.h
configure:5009: gcc -std=gnu99 -c -g -O2  conftest.c >&5
configure:5009: $? = 0
configure:5009: result: yes
configure:5009: checking for string.h
configure:5009: gcc -std=gnu99 -c -g -O2  conftest.c >&5
configure:5009: $? = 0
configure:5009: result: yes
configure:5009: checking for memory.h
configure:5009: gcc -std=gnu99 -c -g -O2  conftest.c >&5
configure:5009: $? = 0
configure:5009: result: yes
configure:5009: checking for strings.h
configure:5009: gcc -std=gnu99 -c -g -O2  conftest.c >&5
configure:5009: $? = 0
configure:5009: result: yes
configure:5009: checking for inttypes.h
configure:5009: gcc -std=gnu99 -c -g -O2  conftest.c >&5
configure:5009: $? = 0
configure:5009: result: yes
configure:5009: checking for stdint.h
configure:5009: gcc -std=gnu99 -c -g -O2  conftest.c >&5
configure:5009: $? = 0
configure:5009: result: yes
configure:5009: checking for unistd.h
configure:5009: gcc -std=gnu99 -c -g -O2  conftest.c >&5
configure:5009: $? = 0
configure:5009: result: yes
configure:5025: checking for strings.h
configure:5025: result: yes
configure:5025: checking libgen.h usability
configure:5025: gcc -std=gnu99 -c -g -O2  conftest.c >&5
configure:5025: $? = 0
configure:5025: result: yes
configure:5025: checking libgen.h presence
configure:5025: gcc -E  conftest.c
configure:5025: $? = 0
configure:5025: result: yes
configure:5025: checking for libgen.h
configure:5025: result: yes
configure:5025: checking for unistd.h
configure:5025: result: yes
configure:5025: checking direct.h usability
configure:5025: gcc -std=gnu99 -c -g -O2  conftest.c >&5
conftest.c:59:20: error: direct.h: No such file or directory
configure:5025: $? = 1
configure: failed program was:
| /* confdefs.h */
| #define PACKAGE_NAME "yasm"
| #define PACKAGE_TARNAME "yasm"
| #define PACKAGE_VERSION "1.1.0"
| #define PACKAGE_STRING "yasm 1.1.0"
| #define PACKAGE_BUGREPORT "bug-yasm@tortall.net"
| #define PACKAGE_URL ""
| #define PACKAGE "yasm"
| #define VERSION "1.1.0"
| #define PACKAGE_INTVER "1.1.0"
| #define PACKAGE_BUILD "2352"
| #define STDC_HEADERS 1
| #define HAVE_SYS_TYPES_H 1
| #define HAVE_SYS_STAT_H 1
| #define HAVE_STDLIB_H 1
| #define HAVE_STRING_H 1
| #define HAVE_MEMORY_H 1
| #define HAVE_STRINGS_H 1
| #define HAVE_INTTYPES_H 1
| #define HAVE_STDINT_H 1
| #define HAVE_UNISTD_H 1
| #define HAVE_STRINGS_H 1
| #define HAVE_LIBGEN_H 1
| #define HAVE_UNISTD_H 1
| /* end confdefs.h.  */
| #include <stdio.h>
| #ifdef HAVE_SYS_TYPES_H
| # include <sys/types.h>
| #endif
| #ifdef HAVE_SYS_STAT_H
| # include <sys/stat.h>
| #endif
| #ifdef STDC_HEADERS
| # include <stdlib.h>
| # include <stddef.h>
| #else
| # ifdef HAVE_STDLIB_H
| #  include <stdlib.h>
| # endif
| #endif
| #ifdef HAVE_STRING_H
| # if !defined STDC_HEADERS && defined HAVE_MEMORY_H
| #  include <memory.h>
| # endif
| # include <string.h>
| #endif
| #ifdef HAVE_STRINGS_H
| # include <strings.h>
| #endif
| #ifdef HAVE_INTTYPES_H
| # include <inttypes.h>
| #endif
| #ifdef HAVE_STDINT_H
| # include <stdint.h>
| #endif
| #ifdef HAVE_UNISTD_H
| # include <unistd.h>
| #endif
| #include <direct.h>
configure:5025: result: no
configure:5025: checking direct.h presence
configure:5025: gcc -E  conftest.c
conftest.c:26:20: error: direct.h: No such file or directory
configure:5025: $? = 1
configure: failed program was:
| /* confdefs.h */
| #define PACKAGE_NAME "yasm"
| #define PACKAGE_TARNAME "yasm"
| #define PACKAGE_VERSION "1.1.0"
| #define PACKAGE_STRING "yasm 1.1.0"
| #define PACKAGE_BUGREPORT "bug-yasm@tortall.net"
| #define PACKAGE_URL ""
| #define PACKAGE "yasm"
| #define VERSION "1.1.0"
| #define PACKAGE_INTVER "1.1.0"
| #define PACKAGE_BUILD "2352"
| #define STDC_HEADERS 1
| #define HAVE_SYS_TYPES_H 1
| #define HAVE_SYS_STAT_H 1
| #define HAVE_STDLIB_H 1
| #define HAVE_STRING_H 1
| #define HAVE_MEMORY_H 1
| #define HAVE_STRINGS_H 1
| #define HAVE_INTTYPES_H 1
| #define HAVE_STDINT_H 1
| #define HAVE_UNISTD_H 1
| #define HAVE_STRINGS_H 1
| #define HAVE_LIBGEN_H 1
| #define HAVE_UNISTD_H 1
| /* end confdefs.h.  */
| #include <direct.h>
configure:5025: result: no
configure:5025: checking for direct.h
configure:5025: result: no
configure:5025: checking for sys/stat.h
configure:5025: result: yes
configure:5045: checking for an ANSI C-conforming const
configure:5110: gcc -std=gnu99 -c -g -O2  conftest.c >&5
configure:5110: $? = 0
configure:5117: result: yes
configure:5125: checking for inline
configure:5141: gcc -std=gnu99 -c -g -O2  conftest.c >&5
configure:5141: $? = 0
configure:5149: result: inline
configure:5167: checking for function prototypes
configure:5170: result: yes
configure:5183: checking for size_t
configure:5183: gcc -std=gnu99 -c -g -O2  conftest.c >&5
configure:5183: $? = 0
configure:5183: gcc -std=gnu99 -c -g -O2  conftest.c >&5
conftest.c: In function 'main':
conftest.c:65: error: expected expression before ')' token
configure:5183: $? = 1
configure: failed program was:
| /* confdefs.h */
| #define PACKAGE_NAME "yasm"
| #define PACKAGE_TARNAME "yasm"
| #define PACKAGE_VERSION "1.1.0"
| #define PACKAGE_STRING "yasm 1.1.0"
| #define PACKAGE_BUGREPORT "bug-yasm@tortall.net"
| #define PACKAGE_URL ""
| #define PACKAGE "yasm"
| #define VERSION "1.1.0"
| #define PACKAGE_INTVER "1.1.0"
| #define PACKAGE_BUILD "2352"
| #define STDC_HEADERS 1
| #define HAVE_SYS_TYPES_H 1
| #define HAVE_SYS_STAT_H 1
| #define HAVE_STDLIB_H 1
| #define HAVE_STRING_H 1
| #define HAVE_MEMORY_H 1
| #define HAVE_STRINGS_H 1
| #define HAVE_INTTYPES_H 1
| #define HAVE_STDINT_H 1
| #define HAVE_UNISTD_H 1
| #define HAVE_STRINGS_H 1
| #define HAVE_LIBGEN_H 1
| #define HAVE_UNISTD_H 1
| #define HAVE_SYS_STAT_H 1
| #define PROTOTYPES 1
| #define __PROTOTYPES 1
| /* end confdefs.h.  */
| #include <stdio.h>
| #ifdef HAVE_SYS_TYPES_H
| # include <sys/types.h>
| #endif
| #ifdef HAVE_SYS_STAT_H
| # include <sys/stat.h>
| #endif
| #ifdef STDC_HEADERS
| # include <stdlib.h>
| # include <stddef.h>
| #else
| # ifdef HAVE_STDLIB_H
| #  include <stdlib.h>
| # endif
| #endif
| #ifdef HAVE_STRING_H
| # if !defined STDC_HEADERS && defined HAVE_MEMORY_H
| #  include <memory.h>
| # endif
| # include <string.h>
| #endif
| #ifdef HAVE_STRINGS_H
| # include <strings.h>
| #endif
| #ifdef HAVE_INTTYPES_H
| # include <inttypes.h>
| #endif
| #ifdef HAVE_STDINT_H
| # include <stdint.h>
| #endif
| #ifdef HAVE_UNISTD_H
| # include <unistd.h>
| #endif
| int
| main ()
| {
| if (sizeof ((size_t)))
| 	    return 0;
|   ;
|   return 0;
| }
configure:5183: result: yes
configure:5195: checking for stdint types
configure:5218: gcc -std=gnu99 -c   conftest.c >&5
configure:5218: $? = 0
configure:5243: result: stdint.h (shortcircuit)
configure:5628: result: make use of stdint.h in libyasm-stdint.h (assuming C99 compatible system)
configure:5642: checking for abort
configure:5642: gcc -std=gnu99 -o conftest -g -O2   conftest.c  >&5
conftest.c:52: warning: conflicting types for built-in function 'abort'
configure:5642: $? = 0
configure:5642: result: yes
configure:5642: checking for toascii
configure:5642: gcc -std=gnu99 -o conftest -g -O2   conftest.c  >&5
conftest.c:53: warning: conflicting types for built-in function 'toascii'
configure:5642: $? = 0
configure:5642: result: yes
configure:5642: checking for vsnprintf
configure:5642: gcc -std=gnu99 -o conftest -g -O2   conftest.c  >&5
conftest.c:54: warning: conflicting types for built-in function 'vsnprintf'
configure:5642: $? = 0
configure:5642: result: yes
configure:5655: checking for strsep
configure:5655: gcc -std=gnu99 -o conftest -g -O2   conftest.c  >&5
configure:5655: $? = 0
configure:5655: result: yes
configure:5655: checking for mergesort
configure:5655: gcc -std=gnu99 -o conftest -g -O2   conftest.c  >&5
configure:5655: $? = 0
configure:5655: result: yes
configure:5655: checking for getcwd
configure:5655: gcc -std=gnu99 -o conftest -g -O2   conftest.c  >&5
configure:5655: $? = 0
configure:5655: result: yes
configure:5668: checking for popen
configure:5668: gcc -std=gnu99 -o conftest -g -O2   conftest.c  >&5
configure:5668: $? = 0
configure:5668: result: yes
configure:5668: checking for ftruncate
configure:5668: gcc -std=gnu99 -o conftest -g -O2   conftest.c  >&5
configure:5668: $? = 0
configure:5668: result: yes
configure:5682: checking for strcasecmp
configure:5682: gcc -std=gnu99 -o conftest -g -O2   conftest.c  >&5
conftest.c:60: warning: conflicting types for built-in function 'strcasecmp'
configure:5682: $? = 0
configure:5682: result: yes
configure:5682: checking for strncasecmp
configure:5682: gcc -std=gnu99 -o conftest -g -O2   conftest.c  >&5
conftest.c:61: warning: conflicting types for built-in function 'strncasecmp'
configure:5682: $? = 0
configure:5682: result: yes
configure:5682: checking for stricmp
configure:5682: gcc -std=gnu99 -o conftest -g -O2   conftest.c  >&5
Undefined symbols for architecture x86_64:
  "_stricmp", referenced from:
      _main in ccXXWcrH.o
ld: symbol(s) not found for architecture x86_64
collect2: ld returned 1 exit status
configure:5682: $? = 1
configure: failed program was:
| /* confdefs.h */
| #define PACKAGE_NAME "yasm"
| #define PACKAGE_TARNAME "yasm"
| #define PACKAGE_VERSION "1.1.0"
| #define PACKAGE_STRING "yasm 1.1.0"
| #define PACKAGE_BUGREPORT "bug-yasm@tortall.net"
| #define PACKAGE_URL ""
| #define PACKAGE "yasm"
| #define VERSION "1.1.0"
| #define PACKAGE_INTVER "1.1.0"
| #define PACKAGE_BUILD "2352"
| #define STDC_HEADERS 1
| #define HAVE_SYS_TYPES_H 1
| #define HAVE_SYS_STAT_H 1
| #define HAVE_STDLIB_H 1
| #define HAVE_STRING_H 1
| #define HAVE_MEMORY_H 1
| #define HAVE_STRINGS_H 1
| #define HAVE_INTTYPES_H 1
| #define HAVE_STDINT_H 1
| #define HAVE_UNISTD_H 1
| #define HAVE_STRINGS_H 1
| #define HAVE_LIBGEN_H 1
| #define HAVE_UNISTD_H 1
| #define HAVE_SYS_STAT_H 1
| #define PROTOTYPES 1
| #define __PROTOTYPES 1
| #define HAVE_ABORT 1
| #define HAVE_TOASCII 1
| #define HAVE_VSNPRINTF 1
| #define HAVE_STRSEP 1
| #define HAVE_MERGESORT 1
| #define HAVE_GETCWD 1
| #define HAVE_POPEN 1
| #define HAVE_FTRUNCATE 1
| #define HAVE_STRCASECMP 1
| #define HAVE_STRNCASECMP 1
| /* end confdefs.h.  */
| /* Define stricmp to an innocuous variant, in case <limits.h> declares stricmp.
|    For example, HP-UX 11i <limits.h> declares gettimeofday.  */
| #define stricmp innocuous_stricmp
| 
| /* System header to define __stub macros and hopefully few prototypes,
|     which can conflict with char stricmp (); below.
|     Prefer <limits.h> to <assert.h> if __STDC__ is defined, since
|     <limits.h> exists even on freestanding compilers.  */
| 
| #ifdef __STDC__
| # include <limits.h>
| #else
| # include <assert.h>
| #endif
| 
| #undef stricmp
| 
| /* Override any GCC internal prototype to avoid an error.
|    Use char because int might match the return type of a GCC
|    builtin and then its argument prototype would still apply.  */
| #ifdef __cplusplus
| extern "C"
| #endif
| char stricmp ();
| /* The GNU C library defines this for functions which it implements
|     to always fail with ENOSYS.  Some functions are actually named
|     something starting with __ and the normal name is an alias.  */
| #if defined __stub_stricmp || defined __stub___stricmp
| choke me
| #endif
| 
| int
| main ()
| {
| return stricmp ();
|   ;
|   return 0;
| }
configure:5682: result: no
configure:5682: checking for _stricmp
configure:5682: gcc -std=gnu99 -o conftest -g -O2   conftest.c  >&5
Undefined symbols for architecture x86_64:
  "__stricmp", referenced from:
      _main in ccP5Ms20.o
ld: symbol(s) not found for architecture x86_64
collect2: ld returned 1 exit status
configure:5682: $? = 1
configure: failed program was:
| /* confdefs.h */
| #define PACKAGE_NAME "yasm"
| #define PACKAGE_TARNAME "yasm"
| #define PACKAGE_VERSION "1.1.0"
| #define PACKAGE_STRING "yasm 1.1.0"
| #define PACKAGE_BUGREPORT "bug-yasm@tortall.net"
| #define PACKAGE_URL ""
| #define PACKAGE "yasm"
| #define VERSION "1.1.0"
| #define PACKAGE_INTVER "1.1.0"
| #define PACKAGE_BUILD "2352"
| #define STDC_HEADERS 1
| #define HAVE_SYS_TYPES_H 1
| #define HAVE_SYS_STAT_H 1
| #define HAVE_STDLIB_H 1
| #define HAVE_STRING_H 1
| #define HAVE_MEMORY_H 1
| #define HAVE_STRINGS_H 1
| #define HAVE_INTTYPES_H 1
| #define HAVE_STDINT_H 1
| #define HAVE_UNISTD_H 1
| #define HAVE_STRINGS_H 1
| #define HAVE_LIBGEN_H 1
| #define HAVE_UNISTD_H 1
| #define HAVE_SYS_STAT_H 1
| #define PROTOTYPES 1
| #define __PROTOTYPES 1
| #define HAVE_ABORT 1
| #define HAVE_TOASCII 1
| #define HAVE_VSNPRINTF 1
| #define HAVE_STRSEP 1
| #define HAVE_MERGESORT 1
| #define HAVE_GETCWD 1
| #define HAVE_POPEN 1
| #define HAVE_FTRUNCATE 1
| #define HAVE_STRCASECMP 1
| #define HAVE_STRNCASECMP 1
| /* end confdefs.h.  */
| /* Define _stricmp to an innocuous variant, in case <limits.h> declares _stricmp.
|    For example, HP-UX 11i <limits.h> declares gettimeofday.  */
| #define _stricmp innocuous__stricmp
| 
| /* System header to define __stub macros and hopefully few prototypes,
|     which can conflict with char _stricmp (); below.
|     Prefer <limits.h> to <assert.h> if __STDC__ is defined, since
|     <limits.h> exists even on freestanding compilers.  */
| 
| #ifdef __STDC__
| # include <limits.h>
| #else
| # include <assert.h>
| #endif
| 
| #undef _stricmp
| 
| /* Override any GCC internal prototype to avoid an error.
|    Use char because int might match the return type of a GCC
|    builtin and then its argument prototype would still apply.  */
| #ifdef __cplusplus
| extern "C"
| #endif
| char _stricmp ();
| /* The GNU C library defines this for functions which it implements
|     to always fail with ENOSYS.  Some functions are actually named
|     something starting with __ and the normal name is an alias.  */
| #if defined __stub__stricmp || defined __stub____stricmp
| choke me
| #endif
| 
| int
| main ()
| {
| return _stricmp ();
|   ;
|   return 0;
| }
configure:5682: result: no
configure:5682: checking for strcmpi
configure:5682: gcc -std=gnu99 -o conftest -g -O2   conftest.c  >&5
Undefined symbols for architecture x86_64:
  "_strcmpi", referenced from:
      _main in ccILDcT4.o
ld: symbol(s) not found for architecture x86_64
collect2: ld returned 1 exit status
configure:5682: $? = 1
configure: failed program was:
| /* confdefs.h */
| #define PACKAGE_NAME "yasm"
| #define PACKAGE_TARNAME "yasm"
| #define PACKAGE_VERSION "1.1.0"
| #define PACKAGE_STRING "yasm 1.1.0"
| #define PACKAGE_BUGREPORT "bug-yasm@tortall.net"
| #define PACKAGE_URL ""
| #define PACKAGE "yasm"
| #define VERSION "1.1.0"
| #define PACKAGE_INTVER "1.1.0"
| #define PACKAGE_BUILD "2352"
| #define STDC_HEADERS 1
| #define HAVE_SYS_TYPES_H 1
| #define HAVE_SYS_STAT_H 1
| #define HAVE_STDLIB_H 1
| #define HAVE_STRING_H 1
| #define HAVE_MEMORY_H 1
| #define HAVE_STRINGS_H 1
| #define HAVE_INTTYPES_H 1
| #define HAVE_STDINT_H 1
| #define HAVE_UNISTD_H 1
| #define HAVE_STRINGS_H 1
| #define HAVE_LIBGEN_H 1
| #define HAVE_UNISTD_H 1
| #define HAVE_SYS_STAT_H 1
| #define PROTOTYPES 1
| #define __PROTOTYPES 1
| #define HAVE_ABORT 1
| #define HAVE_TOASCII 1
| #define HAVE_VSNPRINTF 1
| #define HAVE_STRSEP 1
| #define HAVE_MERGESORT 1
| #define HAVE_GETCWD 1
| #define HAVE_POPEN 1
| #define HAVE_FTRUNCATE 1
| #define HAVE_STRCASECMP 1
| #define HAVE_STRNCASECMP 1
| /* end confdefs.h.  */
| /* Define strcmpi to an innocuous variant, in case <limits.h> declares strcmpi.
|    For example, HP-UX 11i <limits.h> declares gettimeofday.  */
| #define strcmpi innocuous_strcmpi
| 
| /* System header to define __stub macros and hopefully few prototypes,
|     which can conflict with char strcmpi (); below.
|     Prefer <limits.h> to <assert.h> if __STDC__ is defined, since
|     <limits.h> exists even on freestanding compilers.  */
| 
| #ifdef __STDC__
| # include <limits.h>
| #else
| # include <assert.h>
| #endif
| 
| #undef strcmpi
| 
| /* Override any GCC internal prototype to avoid an error.
|    Use char because int might match the return type of a GCC
|    builtin and then its argument prototype would still apply.  */
| #ifdef __cplusplus
| extern "C"
| #endif
| char strcmpi ();
| /* The GNU C library defines this for functions which it implements
|     to always fail with ENOSYS.  Some functions are actually named
|     something starting with __ and the normal name is an alias.  */
| #if defined __stub_strcmpi || defined __stub___strcmpi
| choke me
| #endif
| 
| int
| main ()
| {
| return strcmpi ();
|   ;
|   return 0;
| }
configure:5682: result: no
configure:5698: checking whether NLS is requested
configure:5707: result: yes
configure:5748: checking for msgfmt
configure:5783: result: no
configure:5789: checking for gmsgfmt
configure:5820: result: :
configure:5871: checking for xgettext
configure:5906: result: no
configure:5949: checking for msgmerge
configure:5983: result: no
configure:6017: checking build system type
configure:6031: result: i686-apple-darwin11.4.2
configure:6051: checking host system type
configure:6064: result: i686-apple-darwin11.4.2
configure:6108: checking for ld used by GCC
configure:6172: result: /usr/llvm-gcc-4.2/libexec/gcc/i686-apple-darwin11/4.2.1/ld
configure:6179: checking if the linker (/usr/llvm-gcc-4.2/libexec/gcc/i686-apple-darwin11/4.2.1/ld) is GNU ld
configure:6192: result: no
configure:6199: checking for shared library run path origin
configure:6212: result: done
configure:6749: checking for GNU gettext in libc
configure:6769: gcc -std=gnu99 -o conftest -g -O2   conftest.c  >&5
conftest.c:39:21: error: libintl.h: No such file or directory
conftest.c: In function 'main':
conftest.c:46: warning: implicit declaration of function 'bindtextdomain'
conftest.c:47: warning: implicit declaration of function 'gettext'
conftest.c:47: warning: incompatible implicit declaration of built-in function 'gettext'
configure:6769: $? = 1
configure: failed program was:
| /* confdefs.h */
| #define PACKAGE_NAME "yasm"
| #define PACKAGE_TARNAME "yasm"
| #define PACKAGE_VERSION "1.1.0"
| #define PACKAGE_STRING "yasm 1.1.0"
| #define PACKAGE_BUGREPORT "bug-yasm@tortall.net"
| #define PACKAGE_URL ""
| #define PACKAGE "yasm"
| #define VERSION "1.1.0"
| #define PACKAGE_INTVER "1.1.0"
| #define PACKAGE_BUILD "2352"
| #define STDC_HEADERS 1
| #define HAVE_SYS_TYPES_H 1
| #define HAVE_SYS_STAT_H 1
| #define HAVE_STDLIB_H 1
| #define HAVE_STRING_H 1
| #define HAVE_MEMORY_H 1
| #define HAVE_STRINGS_H 1
| #define HAVE_INTTYPES_H 1
| #define HAVE_STDINT_H 1
| #define HAVE_UNISTD_H 1
| #define HAVE_STRINGS_H 1
| #define HAVE_LIBGEN_H 1
| #define HAVE_UNISTD_H 1
| #define HAVE_SYS_STAT_H 1
| #define PROTOTYPES 1
| #define __PROTOTYPES 1
| #define HAVE_ABORT 1
| #define HAVE_TOASCII 1
| #define HAVE_VSNPRINTF 1
| #define HAVE_STRSEP 1
| #define HAVE_MERGESORT 1
| #define HAVE_GETCWD 1
| #define HAVE_POPEN 1
| #define HAVE_FTRUNCATE 1
| #define HAVE_STRCASECMP 1
| #define HAVE_STRNCASECMP 1
| /* end confdefs.h.  */
| #include <libintl.h>
| 
| extern int _nl_msg_cat_cntr;
| extern int *_nl_domain_bindings;
| int
| main ()
| {
| bindtextdomain ("", "");
| return * gettext ("") + _nl_msg_cat_cntr + *_nl_domain_bindings
|   ;
|   return 0;
| }
configure:6778: result: no
configure:6812: checking for iconv
configure:6834: gcc -std=gnu99 -o conftest -g -O2   conftest.c  >&5
Undefined symbols for architecture x86_64:
  "_iconv_open", referenced from:
      _main in ccHcsVAJ.o
  "_iconv", referenced from:
      _main in ccHcsVAJ.o
  "_iconv_close", referenced from:
      _main in ccHcsVAJ.o
ld: symbol(s) not found for architecture x86_64
collect2: ld returned 1 exit status
configure:6834: $? = 1
configure: failed program was:
| /* confdefs.h */
| #define PACKAGE_NAME "yasm"
| #define PACKAGE_TARNAME "yasm"
| #define PACKAGE_VERSION "1.1.0"
| #define PACKAGE_STRING "yasm 1.1.0"
| #define PACKAGE_BUGREPORT "bug-yasm@tortall.net"
| #define PACKAGE_URL ""
| #define PACKAGE "yasm"
| #define VERSION "1.1.0"
| #define PACKAGE_INTVER "1.1.0"
| #define PACKAGE_BUILD "2352"
| #define STDC_HEADERS 1
| #define HAVE_SYS_TYPES_H 1
| #define HAVE_SYS_STAT_H 1
| #define HAVE_STDLIB_H 1
| #define HAVE_STRING_H 1
| #define HAVE_MEMORY_H 1
| #define HAVE_STRINGS_H 1
| #define HAVE_INTTYPES_H 1
| #define HAVE_STDINT_H 1
| #define HAVE_UNISTD_H 1
| #define HAVE_STRINGS_H 1
| #define HAVE_LIBGEN_H 1
| #define HAVE_UNISTD_H 1
| #define HAVE_SYS_STAT_H 1
| #define PROTOTYPES 1
| #define __PROTOTYPES 1
| #define HAVE_ABORT 1
| #define HAVE_TOASCII 1
| #define HAVE_VSNPRINTF 1
| #define HAVE_STRSEP 1
| #define HAVE_MERGESORT 1
| #define HAVE_GETCWD 1
| #define HAVE_POPEN 1
| #define HAVE_FTRUNCATE 1
| #define HAVE_STRCASECMP 1
| #define HAVE_STRNCASECMP 1
| /* end confdefs.h.  */
| #include <stdlib.h>
| #include <iconv.h>
| int
| main ()
| {
| iconv_t cd = iconv_open("","");
|        iconv(cd,NULL,NULL,NULL,NULL);
|        iconv_close(cd);
|   ;
|   return 0;
| }
configure:6856: gcc -std=gnu99 -o conftest -g -O2   conftest.c  -liconv >&5
configure:6856: $? = 0
configure:6866: result: yes
configure:6869: checking for working iconv
configure:6945: gcc -std=gnu99 -o conftest -g -O2   conftest.c  -liconv >&5
configure:6945: $? = 0
configure:6945: ./conftest
configure:6945: $? = 0
configure:6957: result: yes
configure:6972: checking how to link with libiconv
configure:6974: result: -liconv
configure:7420: checking for GNU gettext in libintl
configure:7448: gcc -std=gnu99 -o conftest -g -O2    conftest.c  -lintl >&5
conftest.c:40:21: error: libintl.h: No such file or directory
conftest.c: In function 'main':
conftest.c:51: warning: implicit declaration of function 'bindtextdomain'
conftest.c:52: warning: implicit declaration of function 'gettext'
conftest.c:52: warning: incompatible implicit declaration of built-in function 'gettext'
configure:7448: $? = 1
configure: failed program was:
| /* confdefs.h */
| #define PACKAGE_NAME "yasm"
| #define PACKAGE_TARNAME "yasm"
| #define PACKAGE_VERSION "1.1.0"
| #define PACKAGE_STRING "yasm 1.1.0"
| #define PACKAGE_BUGREPORT "bug-yasm@tortall.net"
| #define PACKAGE_URL ""
| #define PACKAGE "yasm"
| #define VERSION "1.1.0"
| #define PACKAGE_INTVER "1.1.0"
| #define PACKAGE_BUILD "2352"
| #define STDC_HEADERS 1
| #define HAVE_SYS_TYPES_H 1
| #define HAVE_SYS_STAT_H 1
| #define HAVE_STDLIB_H 1
| #define HAVE_STRING_H 1
| #define HAVE_MEMORY_H 1
| #define HAVE_STRINGS_H 1
| #define HAVE_INTTYPES_H 1
| #define HAVE_STDINT_H 1
| #define HAVE_UNISTD_H 1
| #define HAVE_STRINGS_H 1
| #define HAVE_LIBGEN_H 1
| #define HAVE_UNISTD_H 1
| #define HAVE_SYS_STAT_H 1
| #define PROTOTYPES 1
| #define __PROTOTYPES 1
| #define HAVE_ABORT 1
| #define HAVE_TOASCII 1
| #define HAVE_VSNPRINTF 1
| #define HAVE_STRSEP 1
| #define HAVE_MERGESORT 1
| #define HAVE_GETCWD 1
| #define HAVE_POPEN 1
| #define HAVE_FTRUNCATE 1
| #define HAVE_STRCASECMP 1
| #define HAVE_STRNCASECMP 1
| #define HAVE_ICONV 1
| /* end confdefs.h.  */
| #include <libintl.h>
| 
| extern int _nl_msg_cat_cntr;
| extern
| #ifdef __cplusplus
| "C"
| #endif
| const char *_nl_expand_alias (const char *);
| int
| main ()
| {
| bindtextdomain ("", "");
| return * gettext ("") + _nl_msg_cat_cntr + *_nl_expand_alias ("")
|   ;
|   return 0;
| }
configure:7476: gcc -std=gnu99 -o conftest -g -O2    conftest.c  -lintl -liconv >&5
conftest.c:40:21: error: libintl.h: No such file or directory
conftest.c: In function 'main':
conftest.c:51: warning: implicit declaration of function 'bindtextdomain'
conftest.c:52: warning: implicit declaration of function 'gettext'
conftest.c:52: warning: incompatible implicit declaration of built-in function 'gettext'
configure:7476: $? = 1
configure: failed program was:
| /* confdefs.h */
| #define PACKAGE_NAME "yasm"
| #define PACKAGE_TARNAME "yasm"
| #define PACKAGE_VERSION "1.1.0"
| #define PACKAGE_STRING "yasm 1.1.0"
| #define PACKAGE_BUGREPORT "bug-yasm@tortall.net"
| #define PACKAGE_URL ""
| #define PACKAGE "yasm"
| #define VERSION "1.1.0"
| #define PACKAGE_INTVER "1.1.0"
| #define PACKAGE_BUILD "2352"
| #define STDC_HEADERS 1
| #define HAVE_SYS_TYPES_H 1
| #define HAVE_SYS_STAT_H 1
| #define HAVE_STDLIB_H 1
| #define HAVE_STRING_H 1
| #define HAVE_MEMORY_H 1
| #define HAVE_STRINGS_H 1
| #define HAVE_INTTYPES_H 1
| #define HAVE_STDINT_H 1
| #define HAVE_UNISTD_H 1
| #define HAVE_STRINGS_H 1
| #define HAVE_LIBGEN_H 1
| #define HAVE_UNISTD_H 1
| #define HAVE_SYS_STAT_H 1
| #define PROTOTYPES 1
| #define __PROTOTYPES 1
| #define HAVE_ABORT 1
| #define HAVE_TOASCII 1
| #define HAVE_VSNPRINTF 1
| #define HAVE_STRSEP 1
| #define HAVE_MERGESORT 1
| #define HAVE_GETCWD 1
| #define HAVE_POPEN 1
| #define HAVE_FTRUNCATE 1
| #define HAVE_STRCASECMP 1
| #define HAVE_STRNCASECMP 1
| #define HAVE_ICONV 1
| /* end confdefs.h.  */
| #include <libintl.h>
| 
| extern int _nl_msg_cat_cntr;
| extern
| #ifdef __cplusplus
| "C"
| #endif
| const char *_nl_expand_alias (const char *);
| int
| main ()
| {
| bindtextdomain ("", "");
| return * gettext ("") + _nl_msg_cat_cntr + *_nl_expand_alias ("")
|   ;
|   return 0;
| }
configure:7489: result: no
configure:7524: checking whether to use NLS
configure:7526: result: no
configure:7606: checking for GNU C Library
conftest.c:40:22: error: features.h: No such file or directory
configure:7628: result: no
configure:7742: Checking for Python
configure:7776: checking for a Python interpreter with version >= 2.4
configure:7793: python -c import sys # split strings by '.' and convert to numeric. Append some zeros # because we need at least 4 digits for the hex conversion. # map returns an iterator in Python 3.0 and a list in 2.x minver = list(map(int, '2.4'.split('.'))) + [0, 0, 0] minverhex = 0 # xrange is not present in Python 3.0 and range returns an iterator for i in list(range(0, 4)): minverhex = (minverhex << 8) + minver[i] sys.exit(sys.hexversion < minverhex)
configure:7796: $? = 0
configure:7802: result: python
configure:7810: checking for python
configure:7828: found /usr/bin/python
configure:7840: result: /usr/bin/python
configure:7859: checking for python version
configure:7866: result: 2.7
configure:7878: checking for python platform
configure:7885: result: darwin
configure:7892: checking for python script directory
configure:7921: result: ${prefix}/lib/python2.7/site-packages
configure:7930: checking for python extension module directory
configure:7959: result: ${exec_prefix}/lib/python2.7/site-packages
configure:8222: creating ./config.status

## ---------------------- ##
## Running config.status. ##
## ---------------------- ##

This file was extended by yasm config.status 1.1.0, which was
generated by GNU Autoconf 2.65.  Invocation command line was

  CONFIG_FILES    = 
  CONFIG_HEADERS  = 
  CONFIG_LINKS    = 
  CONFIG_COMMANDS = 
  $ ./config.status 

on wangyongmatoMacBook-Pro.local

config.status:952: creating Makefile
config.status:952: creating po/Makefile.in
config.status:952: creating config.h
config.status:1172: executing depfiles commands
config.status:1172: executing libyasm-stdint.h commands
config.status:1275: creating libyasm-stdint.h : _YASM_LIBYASM_STDINT_H
config.status:1172: executing po-directories commands

## ---------------- ##
## Cache variables. ##
## ---------------- ##

ac_cv_build=i686-apple-darwin11.4.2
ac_cv_c_compiler_gnu=yes
ac_cv_c_const=yes
ac_cv_c_inline=inline
ac_cv_env_CCLD_FOR_BUILD_set=
ac_cv_env_CCLD_FOR_BUILD_value=
ac_cv_env_CC_FOR_BUILD_set=
ac_cv_env_CC_FOR_BUILD_value=
ac_cv_env_CC_set=
ac_cv_env_CC_value=
ac_cv_env_CFLAGS_set=
ac_cv_env_CFLAGS_value=
ac_cv_env_CPPFLAGS_set=
ac_cv_env_CPPFLAGS_value=
ac_cv_env_CPP_FOR_HOST_set=
ac_cv_env_CPP_FOR_HOST_value=
ac_cv_env_CPP_set=
ac_cv_env_CPP_value=
ac_cv_env_LDFLAGS_set=
ac_cv_env_LDFLAGS_value=
ac_cv_env_LIBS_set=
ac_cv_env_LIBS_value=
ac_cv_env_build_alias_set=
ac_cv_env_build_alias_value=
ac_cv_env_host_alias_set=
ac_cv_env_host_alias_value=
ac_cv_env_target_alias_set=
ac_cv_env_target_alias_value=
ac_cv_func__stricmp=no
ac_cv_func_abort=yes
ac_cv_func_ftruncate=yes
ac_cv_func_getcwd=yes
ac_cv_func_mergesort=yes
ac_cv_func_popen=yes
ac_cv_func_strcasecmp=yes
ac_cv_func_strcmpi=no
ac_cv_func_stricmp=no
ac_cv_func_strncasecmp=yes
ac_cv_func_strsep=yes
ac_cv_func_toascii=yes
ac_cv_func_vsnprintf=yes
ac_cv_header_direct_h=no
ac_cv_header_inttypes_h=yes
ac_cv_header_libgen_h=yes
ac_cv_header_memory_h=yes
ac_cv_header_stdc=yes
ac_cv_header_stdint=stdint.h
ac_cv_header_stdint_h=yes
ac_cv_header_stdint_t=stdint.h
ac_cv_header_stdlib_h=yes
ac_cv_header_string_h=yes
ac_cv_header_strings_h=yes
ac_cv_header_sys_stat_h=yes
ac_cv_header_sys_types_h=yes
ac_cv_header_unistd_h=yes
ac_cv_host=i686-apple-darwin11.4.2
ac_cv_objext=o
ac_cv_path_EGREP='/usr/bin/grep -E'
ac_cv_path_GMSGFMT=:
ac_cv_path_GREP=/usr/bin/grep
ac_cv_path_MSGFMT=:
ac_cv_path_MSGMERGE=:
ac_cv_path_PYTHON=/usr/bin/python
ac_cv_path_XGETTEXT=:
ac_cv_path_install='/usr/bin/install -c'
ac_cv_prog_AWK=awk
ac_cv_prog_CPP='gcc -E'
ac_cv_prog_ac_ct_AR=ar
ac_cv_prog_ac_ct_CC=gcc
ac_cv_prog_ac_ct_RANLIB=ranlib
ac_cv_prog_cc_c89=
ac_cv_prog_cc_c99=-std=gnu99
ac_cv_prog_cc_g=yes
ac_cv_prog_cc_stdc=-std=gnu99
ac_cv_prog_make_make_set=yes
ac_cv_stdint_message='using gcc -std=gnu99'
ac_cv_stdint_result='(assuming C99 compatible system)'
ac_cv_type_size_t=yes
acl_cv_hardcode_direct=no
acl_cv_hardcode_libdir_flag_spec=
acl_cv_hardcode_libdir_separator=
acl_cv_hardcode_minus_L=no
acl_cv_libext=a
acl_cv_libname_spec='lib$name'
acl_cv_library_names_spec='$libname$shrext'
acl_cv_path_LD=/usr/llvm-gcc-4.2/libexec/gcc/i686-apple-darwin11/4.2.1/ld
acl_cv_prog_gnu_ld=no
acl_cv_rpath=done
acl_cv_shlibext=dylib
acl_cv_wl=-Wl,
am_cv_CC_dependencies_compiler_type=gcc3
am_cv_func_iconv=yes
am_cv_func_iconv_works=yes
am_cv_lib_iconv=yes
am_cv_pathless_PYTHON=python
am_cv_python_platform=darwin
am_cv_python_pyexecdir='${exec_prefix}/lib/python2.7/site-packages'
am_cv_python_pythondir='${prefix}/lib/python2.7/site-packages'
am_cv_python_version=2.7
gt_cv_func_gnugettext1_libc=no
gt_cv_func_gnugettext1_libintl=no
yasm_cv_header_gnulib=no

## ----------------- ##
## Output variables. ##
## ----------------- ##

ACLOCAL='${SHELL} /Users/yong/projects/成熟产品代码/FFmpeg-iOS-Encoder-master/ffmpeg-iOS/yasm-1.1.0/config/missing --run aclocal-1.11'
AMDEPBACKSLASH='\'
AMDEP_FALSE='#'
AMDEP_TRUE=''
AMTAR='${SHELL} /Users/yong/projects/成熟产品代码/FFmpeg-iOS-Encoder-master/ffmpeg-iOS/yasm-1.1.0/config/missing --run tar'
AR='ar'
ARCH='x86'
AUTOCONF='${SHELL} /Users/yong/projects/成熟产品代码/FFmpeg-iOS-Encoder-master/ffmpeg-iOS/yasm-1.1.0/config/missing --run autoconf'
AUTOHEADER='${SHELL} /Users/yong/projects/成熟产品代码/FFmpeg-iOS-Encoder-master/ffmpeg-iOS/yasm-1.1.0/config/missing --run autoheader'
AUTOMAKE='${SHELL} /Users/yong/projects/成熟产品代码/FFmpeg-iOS-Encoder-master/ffmpeg-iOS/yasm-1.1.0/config/missing --run automake-1.11'
AWK='awk'
BUILD_MAN_FALSE=''
BUILD_MAN_TRUE='#'
CC='gcc -std=gnu99'
CCDEPMODE='depmode=gcc3'
CCLD_FOR_BUILD='$(CC)'
CC_FOR_BUILD='$(CC)'
CFLAGS='-g -O2'
CPP='gcc -E'
CPPFLAGS=''
CPP_FOR_HOST=''
CYGPATH_W='echo'
DEFS='-DHAVE_CONFIG_H'
DEPDIR='.deps'
ECHO_C='\c'
ECHO_N=''
ECHO_T=''
EGREP='/usr/bin/grep -E'
EXEEXT=''
GCC='yes'
GETTEXT_MACRO_VERSION='0.17'
GMSGFMT=':'
GMSGFMT_015=':'
GREP='/usr/bin/grep'
HAVE_PYTHON_BINDINGS_FALSE=''
HAVE_PYTHON_BINDINGS_TRUE='#'
HAVE_PYTHON_FALSE='#'
HAVE_PYTHON_TRUE=''
INSTALL_DATA='${INSTALL} -m 644'
INSTALL_PROGRAM='${INSTALL}'
INSTALL_SCRIPT='${INSTALL}'
INSTALL_STRIP_PROGRAM='$(install_sh) -c -s'
INTLLIBS=''
LDFLAGS=''
LIBICONV='-liconv'
LIBINTL=''
LIBOBJS=''
LIBS=''
LN_S='ln -s'
LTLIBICONV='-liconv'
LTLIBINTL=''
LTLIBOBJS=''
MAINT='#'
MAINTAINER_MODE_FALSE=''
MAINTAINER_MODE_TRUE='#'
MAKEINFO='${SHELL} /Users/yong/projects/成熟产品代码/FFmpeg-iOS-Encoder-master/ffmpeg-iOS/yasm-1.1.0/config/missing --run makeinfo'
MKDIR_P='config/install-sh -c -d'
MORE_CFLAGS=''
MSGFMT=':'
MSGFMT_015=':'
MSGMERGE=':'
OBJEXT='o'
PACKAGE='yasm'
PACKAGE_BUGREPORT='bug-yasm@tortall.net'
PACKAGE_NAME='yasm'
PACKAGE_STRING='yasm 1.1.0'
PACKAGE_TARNAME='yasm'
PACKAGE_URL=''
PACKAGE_VERSION='1.1.0'
PATH_SEPARATOR=':'
POSUB=''
PYTHON='/usr/bin/python'
PYTHON_EXEC_PREFIX='${exec_prefix}'
PYTHON_INCLUDES=''
PYTHON_PLATFORM='darwin'
PYTHON_PREFIX='${prefix}'
PYTHON_VERSION='2.7'
RANLIB='ranlib'
SET_MAKE=''
SHELL='/bin/sh'
STRIP=''
USE_NLS='no'
VERSION='1.1.0'
XGETTEXT=':'
XGETTEXT_015=':'
XGETTEXT_EXTRA_OPTIONS=''
XMLTO=':'
ac_ct_AR='ar'
ac_ct_CC='gcc'
am__EXEEXT_FALSE=''
am__EXEEXT_TRUE='#'
am__fastdepCC_FALSE='#'
am__fastdepCC_TRUE=''
am__include='include'
am__isrc=''
am__leading_dot='.'
am__quote=''
am__tar='${AMTAR} chof - "$$tardir"'
am__untar='${AMTAR} xf -'
bindir='${exec_prefix}/bin'
build='i686-apple-darwin11.4.2'
build_alias=''
build_cpu='i686'
build_os='darwin11.4.2'
build_vendor='apple'
datadir='${datarootdir}'
datarootdir='${prefix}/share'
docdir='${datarootdir}/doc/${PACKAGE_TARNAME}'
dvidir='${docdir}'
exec_prefix='${prefix}'
host='i686-apple-darwin11.4.2'
host_alias=''
host_cpu='i686'
host_os='darwin11.4.2'
host_vendor='apple'
htmldir='${docdir}'
includedir='${prefix}/include'
infodir='${datarootdir}/info'
install_sh='${SHELL} /Users/yong/projects/成熟产品代码/FFmpeg-iOS-Encoder-master/ffmpeg-iOS/yasm-1.1.0/config/install-sh'
libdir='${exec_prefix}/lib'
libexecdir='${exec_prefix}/libexec'
localedir='${datarootdir}/locale'
localstatedir='${prefix}/var'
mandir='${datarootdir}/man'
mkdir_p='$(top_builddir)/config/install-sh -c -d'
oldincludedir='/usr/include'
pdfdir='${docdir}'
pkgpyexecdir='${pyexecdir}/yasm'
pkgpythondir='${pythondir}/yasm'
prefix='/yasm'
program_transform_name='s,x,x,'
psdir='${docdir}'
pyexecdir='${exec_prefix}/lib/python2.7/site-packages'
pythondir='${prefix}/lib/python2.7/site-packages'
sbindir='${exec_prefix}/sbin'
sharedstatedir='${prefix}/com'
sysconfdir='${prefix}/etc'
target_alias=''

## ----------- ##
## confdefs.h. ##
## ----------- ##

/* confdefs.h */
#define PACKAGE_NAME "yasm"
#define PACKAGE_TARNAME "yasm"
#define PACKAGE_VERSION "1.1.0"
#define PACKAGE_STRING "yasm 1.1.0"
#define PACKAGE_BUGREPORT "bug-yasm@tortall.net"
#define PACKAGE_URL ""
#define PACKAGE "yasm"
#define VERSION "1.1.0"
#define PACKAGE_INTVER "1.1.0"
#define PACKAGE_BUILD "2352"
#define STDC_HEADERS 1
#define HAVE_SYS_TYPES_H 1
#define HAVE_SYS_STAT_H 1
#define HAVE_STDLIB_H 1
#define HAVE_STRING_H 1
#define HAVE_MEMORY_H 1
#define HAVE_STRINGS_H 1
#define HAVE_INTTYPES_H 1
#define HAVE_STDINT_H 1
#define HAVE_UNISTD_H 1
#define HAVE_STRINGS_H 1
#define HAVE_LIBGEN_H 1
#define HAVE_UNISTD_H 1
#define HAVE_SYS_STAT_H 1
#define PROTOTYPES 1
#define __PROTOTYPES 1
#define HAVE_ABORT 1
#define HAVE_TOASCII 1
#define HAVE_VSNPRINTF 1
#define HAVE_STRSEP 1
#define HAVE_MERGESORT 1
#define HAVE_GETCWD 1
#define HAVE_POPEN 1
#define HAVE_FTRUNCATE 1
#define HAVE_STRCASECMP 1
#define HAVE_STRNCASECMP 1
#define HAVE_ICONV 1
#define CPP_PROG "cc -E"

configure: exit 0
